<?xml version="1.0" encoding="UTF-8"?>
<testng-results skipped="0" failed="0" total="6" passed="6">
  <reporter-output>
  </reporter-output>
  <suite name="Total thing" duration-ms="5113" started-at="2020-03-05T11:43:06Z" finished-at="2020-03-05T11:43:11Z">
    <groups>
    </groups>
    <test name="First Test" duration-ms="36" started-at="2020-03-05T11:43:06Z" finished-at="2020-03-05T11:43:06Z">
      <class name="pkgOne.Basic2">
        <test-method status="PASS" signature="method3()[pri:0, instance:pkgOne.Basic2@1c53fd30]" name="method3" duration-ms="3" started-at="2020-03-05T17:13:06Z" finished-at="2020-03-05T17:13:06Z">
          <reporter-output>
          </reporter-output>
        </test-method> <!-- method3 -->
        <test-method status="PASS" signature="method4()[pri:0, instance:pkgOne.Basic2@1c53fd30]" name="method4" duration-ms="2" started-at="2020-03-05T17:13:06Z" finished-at="2020-03-05T17:13:06Z">
          <reporter-output>
          </reporter-output>
        </test-method> <!-- method4 -->
      </class> <!-- pkgOne.Basic2 -->
      <class name="pkgOne.Basic">
        <test-method status="PASS" signature="methodx()[pri:0, instance:pkgOne.Basic@5f150435]" name="methodx" is-config="true" duration-ms="1" started-at="2020-03-05T17:13:06Z" finished-at="2020-03-05T17:13:06Z">
          <reporter-output>
          </reporter-output>
        </test-method> <!-- methodx -->
        <test-method status="PASS" signature="method1()[pri:0, instance:pkgOne.Basic@5f150435]" name="method1" duration-ms="10" started-at="2020-03-05T17:13:06Z" finished-at="2020-03-05T17:13:06Z">
          <reporter-output>
          </reporter-output>
        </test-method> <!-- method1 -->
        <test-method status="PASS" signature="method2()[pri:0, instance:pkgOne.Basic@5f150435]" name="method2" duration-ms="1" started-at="2020-03-05T17:13:06Z" finished-at="2020-03-05T17:13:06Z">
          <reporter-output>
          </reporter-output>
        </test-method> <!-- method2 -->
        <test-method status="PASS" signature="methody()[pri:0, instance:pkgOne.Basic@5f150435]" name="methody" is-config="true" duration-ms="0" started-at="2020-03-05T17:13:06Z" finished-at="2020-03-05T17:13:06Z">
          <reporter-output>
          </reporter-output>
        </test-method> <!-- methody -->
      </class> <!-- pkgOne.Basic -->
    </test> <!-- First Test -->
    <test name="Second Test" duration-ms="5" started-at="2020-03-05T11:43:11Z" finished-at="2020-03-05T11:43:11Z">
      <class name="pkgOne.Basic3">
        <test-method status="PASS" signature="beforeSte()[pri:0, instance:pkgOne.Basic3@47fd17e3]" name="beforeSte" is-config="true" duration-ms="10" started-at="2020-03-05T17:13:06Z" finished-at="2020-03-05T17:13:06Z">
          <reporter-output>
          </reporter-output>
        </test-method> <!-- beforeSte -->
        <test-method status="PASS" signature="test2method1()[pri:0, instance:pkgOne.Basic3@47fd17e3]" name="test2method1" duration-ms="1" started-at="2020-03-05T17:13:11Z" finished-at="2020-03-05T17:13:11Z">
          <reporter-output>
          </reporter-output>
        </test-method> <!-- test2method1 -->
        <test-method status="PASS" signature="test2method2()[pri:0, instance:pkgOne.Basic3@47fd17e3]" name="test2method2" duration-ms="1" started-at="2020-03-05T17:13:11Z" finished-at="2020-03-05T17:13:11Z">
          <reporter-output>
          </reporter-output>
        </test-method> <!-- test2method2 -->
      </class> <!-- pkgOne.Basic3 -->
    </test> <!-- Second Test -->
  </suite> <!-- Total thing -->
</testng-results>
