<?xml version="1.0" encoding="UTF-8"?>
<!-- Generated by org.testng.reporters.JUnitXMLReporter -->
<testsuite hostname="Bhargavs-MacBook-Pro.local" name="First Test" tests="4" failures="0" timestamp="5 Mar 2020 11:43:11 GMT" time="0.036" errors="0">
  <testcase name="method1" time="0.01" classname="pkgOne.Basic"/>
  <testcase name="method2" time="0.001" classname="pkgOne.Basic"/>
  <testcase name="method3" time="0.003" classname="pkgOne.Basic2"/>
  <testcase name="method4" time="0.002" classname="pkgOne.Basic2"/>
</testsuite> <!-- First Test -->
